/mnt/d/MLE_Foundations/gowrisankar-gopalakrishnan/gowrisankar-gopalakrishnan/.venv/lib/python3.12/site-packages/pydantic/_internal/_config.py:386: UserWarning: Valid config keys have changed in V2:
* 'schema_extra' has been renamed to 'json_schema_extra'
  warnings.warn(message, UserWarning)
/mnt/d/MLE_Foundations/gowrisankar-gopalakrishnan/gowrisankar-gopalakrishnan/Assignment4.2/main.py:27: DeprecationWarning: 
        on_event is deprecated, use lifespan event handlers instead.

        Read more about it in the
        [FastAPI docs for Lifespan Events](https://fastapi.tiangolo.com/advanced/events/).
        
  @app.on_event("startup")
/mnt/d/MLE_Foundations/gowrisankar-gopalakrishnan/gowrisankar-gopalakrishnan/Assignment4.2/main.py:50: DeprecationWarning: 
        on_event is deprecated, use lifespan event handlers instead.

        Read more about it in the
        [FastAPI docs for Lifespan Events](https://fastapi.tiangolo.com/advanced/events/).
        
  @app.on_event("shutdown")
/mnt/d/MLE_Foundations/gowrisankar-gopalakrishnan/gowrisankar-gopalakrishnan/Assignment4.2/main.py:93: FastAPIDeprecationWarning: `regex` has been deprecated, please use `pattern` instead
  model_name: str = Path(
INFO:     Started server process [19934]
INFO:     Waiting for application startup.
INFO:     Application startup complete.
INFO:     Uvicorn running on http://0.0.0.0:8000 (Press CTRL+C to quit)
Starting up Housing Price Prediction API...
✓ Database initialized successfully
✓ Linear Regression model loaded
✓ SVM Regression model loaded
✓ Imputer loaded
✓ Scaler loaded
✓ Feature names loaded: ['longitude', 'latitude', 'housing_median_age', 'total_rooms', 'total_bedrooms', 'population', 'households', 'median_income', 'rooms_per_household', 'bedrooms_per_room', 'population_per_household', 'ocean_proximity_INLAND', 'ocean_proximity_ISLAND', 'ocean_proximity_NEAR BAY', 'ocean_proximity_NEAR OCEAN']
✓ Inference models loaded successfully
✓ Application startup completed
INFO:     127.0.0.1:46990 - "GET /health HTTP/1.1" 200 OK
INFO:     127.0.0.1:39300 - "GET / HTTP/1.1" 200 OK
INFO:     127.0.0.1:38540 - "GET /inferences/linear HTTP/1.1" 200 OK
INFO:     127.0.0.1:45108 - "GET /inferences/svm HTTP/1.1" 200 OK
/mnt/d/MLE_Foundations/gowrisankar-gopalakrishnan/gowrisankar-gopalakrishnan/.venv/lib/python3.12/site-packages/sklearn/utils/validation.py:2691: UserWarning: X does not have valid feature names, but LinearRegression was fitted with feature names
  warnings.warn(
/mnt/d/MLE_Foundations/gowrisankar-gopalakrishnan/gowrisankar-gopalakrishnan/Assignment4.2/main.py:144: DeprecationWarning: datetime.datetime.utcnow() is deprecated and scheduled for removal in a future version. Use timezone-aware objects to represent datetimes in UTC: datetime.datetime.now(datetime.UTC).
  timestamp=datetime.utcnow()
INFO:     127.0.0.1:57448 - "POST /predict/linear HTTP/1.1" 200 OK
/mnt/d/MLE_Foundations/gowrisankar-gopalakrishnan/gowrisankar-gopalakrishnan/.venv/lib/python3.12/site-packages/sklearn/utils/validation.py:2691: UserWarning: X does not have valid feature names, but LinearRegression was fitted with feature names
  warnings.warn(
/mnt/d/MLE_Foundations/gowrisankar-gopalakrishnan/gowrisankar-gopalakrishnan/.venv/lib/python3.12/site-packages/sklearn/utils/validation.py:2691: UserWarning: X does not have valid feature names, but StandardScaler was fitted with feature names
  warnings.warn(
/mnt/d/MLE_Foundations/gowrisankar-gopalakrishnan/gowrisankar-gopalakrishnan/Assignment4.2/main.py:262: DeprecationWarning: datetime.datetime.utcnow() is deprecated and scheduled for removal in a future version. Use timezone-aware objects to represent datetimes in UTC: datetime.datetime.now(datetime.UTC).
  timestamp=datetime.utcnow()
/mnt/d/MLE_Foundations/gowrisankar-gopalakrishnan/gowrisankar-gopalakrishnan/Assignment4.2/main.py:271: DeprecationWarning: datetime.datetime.utcnow() is deprecated and scheduled for removal in a future version. Use timezone-aware objects to represent datetimes in UTC: datetime.datetime.now(datetime.UTC).
  "timestamp": datetime.utcnow().isoformat()
INFO:     127.0.0.1:49818 - "POST /predict-all HTTP/1.1" 200 OK
/mnt/d/MLE_Foundations/gowrisankar-gopalakrishnan/gowrisankar-gopalakrishnan/.venv/lib/python3.12/site-packages/sklearn/utils/validation.py:2691: UserWarning: X does not have valid feature names, but LinearRegression was fitted with feature names
  warnings.warn(
/mnt/d/MLE_Foundations/gowrisankar-gopalakrishnan/gowrisankar-gopalakrishnan/.venv/lib/python3.12/site-packages/sklearn/utils/validation.py:2691: UserWarning: X does not have valid feature names, but StandardScaler was fitted with feature names
  warnings.warn(
/mnt/d/MLE_Foundations/gowrisankar-gopalakrishnan/gowrisankar-gopalakrishnan/Assignment4.2/main.py:262: DeprecationWarning: datetime.datetime.utcnow() is deprecated and scheduled for removal in a future version. Use timezone-aware objects to represent datetimes in UTC: datetime.datetime.now(datetime.UTC).
  timestamp=datetime.utcnow()
/mnt/d/MLE_Foundations/gowrisankar-gopalakrishnan/gowrisankar-gopalakrishnan/Assignment4.2/main.py:271: DeprecationWarning: datetime.datetime.utcnow() is deprecated and scheduled for removal in a future version. Use timezone-aware objects to represent datetimes in UTC: datetime.datetime.now(datetime.UTC).
  "timestamp": datetime.utcnow().isoformat()
INFO:     127.0.0.1:38344 - "POST /predict-all HTTP/1.1" 200 OK
INFO:     127.0.0.1:50454 - "GET / HTTP/1.1" 200 OK
INFO:     Shutting down
INFO:     Waiting for application shutdown.
INFO:     Application shutdown complete.
INFO:     Finished server process [19934]
